#
# A fatal error has been detected by the Java Runtime Environment:
#
#  EXCEPTION_ACCESS_VIOLATION (0xc0000005) at pc=0x0fdd25e0, pid=11828, tid=12928
#
# JRE version: 6.0_17-b04
# Java VM: Java HotSpot(TM) Client VM (14.3-b01 mixed mode windows-x86 )
# Problematic frame:
# C  [awt.dll+0xa25e0]
#
# If you would like to submit a bug report, please visit:
#   http://java.sun.com/webapps/bugreport/crash.jsp
# The crash happened outside the Java Virtual Machine in native code.
# See problematic frame for where to report the bug.
#

---------------  T H R E A D  ---------------

Current thread (0x1df26400):  JavaThread "AWT-EventQueue-0" [_thread_in_native, id=12928, stack(0x1ed30000,0x1edb0000)]

siginfo: ExceptionCode=0xc0000005, reading address 0x00000004

Registers:
EAX=0x0000000d, EBX=0x1e1f4340, ECX=0x00000000, EDX=0x00000000
ESP=0x1edae724, EBP=0x772b4f70, ESI=0x240121d6, EDI=0x1dbe3380
EIP=0x0fdd25e0, EFLAGS=0x00210293

Top of Stack: (sp=0x1edae724)
0x1edae724:   0fd9663a 240121d6 1edaeca0 1df26510
0x1edae734:   1edaec40 1dbe3380 0fd7c46e 1df26510
0x1edae744:   1dbe3380 21b7fcd0 0fd7c491 00000001
0x1edae754:   1df26400 1df26510 0fd93cbc 1df26510
0x1edae764:   1edaeca0 1df26400 00000000 00000000
0x1edae774:   00000006 1edae828 0ce72568 129f4ef0
0x1edae784:   21b7fcd0 00000017 1127b680 1127b5b8
0x1edae794:   18291fe8 1edae7b8 0ce5f7dc 1127b5b8 

Instructions: (pc=0x0fdd25e0)
0x0fdd25d0:   8b 41 04 8b 80 0c 0c 00 00 c3 cc cc cc cc cc cc
0x0fdd25e0:   8b 49 04 85 c9 74 05 e9 94 85 fe ff 33 c0 c2 04 


Stack: [0x1ed30000,0x1edb0000],  sp=0x1edae724,  free space=505k
Native frames: (J=compiled Java code, j=interpreted, Vv=VM code, C=native code)
C  [awt.dll+0xa25e0]

Java frames: (J=compiled Java code, j=interpreted, Vv=VM code)
J  sun.java2d.windows.GDIBlitLoops.nativeBlit(Lsun/java2d/SurfaceData;Lsun/java2d/SurfaceData;Lsun/java2d/pipe/Region;IIIIIIIIIZ)V
J  sun.java2d.windows.GDIBlitLoops.Blit(Lsun/java2d/SurfaceData;Lsun/java2d/SurfaceData;Ljava/awt/Composite;Lsun/java2d/pipe/Region;IIIIII)V
J  sun.java2d.pipe.DrawImage.blitSurfaceData(Lsun/java2d/SunGraphics2D;Lsun/java2d/pipe/Region;Lsun/java2d/SurfaceData;Lsun/java2d/SurfaceData;Lsun/java2d/loops/SurfaceType;Lsun/java2d/loops/SurfaceType;IIIIIILjava/awt/Color;)V
J  sun.java2d.pipe.DrawImage.renderImageCopy(Lsun/java2d/SunGraphics2D;Ljava/awt/Image;Ljava/awt/Color;IIIIII)Z
J  sun.java2d.pipe.DrawImage.copyImage(Lsun/java2d/SunGraphics2D;Ljava/awt/Image;IILjava/awt/Color;)Z
J  sun.java2d.pipe.DrawImage.copyImage(Lsun/java2d/SunGraphics2D;Ljava/awt/Image;IILjava/awt/Color;Ljava/awt/image/ImageObserver;)Z
J  sun.java2d.pipe.ValidatePipe.copyImage(Lsun/java2d/SunGraphics2D;Ljava/awt/Image;IILjava/awt/Color;Ljava/awt/image/ImageObserver;)Z
J  sun.java2d.SunGraphics2D.drawImage(Ljava/awt/Image;IILjava/awt/Color;Ljava/awt/image/ImageObserver;)Z
J  sun.java2d.SunGraphics2D.drawImage(Ljava/awt/Image;IILjava/awt/image/ImageObserver;)Z
J  javax.swing.RepaintManager$PaintManager.paintDoubleBuffered(Ljavax/swing/JComponent;Ljava/awt/Image;Ljava/awt/Graphics;IIII)V
J  javax.swing.RepaintManager$PaintManager.paint(Ljavax/swing/JComponent;Ljavax/swing/JComponent;Ljava/awt/Graphics;IIII)Z
J  javax.swing.RepaintManager.paint(Ljavax/swing/JComponent;Ljavax/swing/JComponent;Ljava/awt/Graphics;IIII)V
J  javax.swing.JComponent.paint(Ljava/awt/Graphics;)V
j  java.awt.GraphicsCallback$PaintCallback.run(Ljava/awt/Component;Ljava/awt/Graphics;)V+2
j  sun.awt.SunGraphicsCallback.runOneComponent(Ljava/awt/Component;Ljava/awt/Rectangle;Ljava/awt/Graphics;Ljava/awt/Shape;I)V+155
J  sun.awt.SunGraphicsCallback.runComponents([Ljava/awt/Component;Ljava/awt/Graphics;I)V
j  java.awt.Container.paint(Ljava/awt/Graphics;)V+73
J  javax.swing.RepaintManager.paintDirtyRegions(Ljava/util/Map;)V
J  javax.swing.RepaintManager.paintDirtyRegions()V
J  javax.swing.RepaintManager.seqPaintDirtyRegions()V
J  javax.swing.SystemEventQueueUtilities$ComponentWorkRequest.run()V
J  java.awt.event.InvocationEvent.dispatch()V
J  java.awt.EventQueue.dispatchEvent(Ljava/awt/AWTEvent;)V
J  java.awt.EventDispatchThread.pumpOneEventForFilters(I)Z
J  java.awt.EventDispatchThread.pumpEventsForFilter(ILjava/awt/Conditional;Ljava/awt/EventFilter;)V
j  java.awt.EventDispatchThread.pumpEventsForHierarchy(ILjava/awt/Conditional;Ljava/awt/Component;)V+11
j  java.awt.EventDispatchThread.pumpEvents(ILjava/awt/Conditional;)V+4
j  java.awt.EventDispatchThread.pumpEvents(Ljava/awt/Conditional;)V+3
j  java.awt.EventDispatchThread.run()V+9
v  ~StubRoutines::call_stub

---------------  P R O C E S S  ---------------

Java Threads: ( => current thread )
  0x1e2eac00 JavaThread "RequestQueue for GenericFileList" [_thread_blocked, id=10256, stack(0x07cd0000,0x07d50000)]
  0x1e2e9800 JavaThread "Code Analyzer updating thread" [_thread_blocked, id=12356, stack(0x07a90000,0x07b10000)]
  0x1e2ea000 JavaThread "Code Analyzer updating thread" [_thread_blocked, id=5560, stack(0x06ba0000,0x06c20000)]
  0x1e2e8800 JavaThread "Code Analyzer updating thread" [_thread_blocked, id=6552, stack(0x23270000,0x232f0000)]
  0x1e2e8000 JavaThread "Code Analyzer updating thread" [_thread_blocked, id=8468, stack(0x22ea0000,0x22f20000)]
  0x1e1bb000 JavaThread "Code Analyzer updating thread" [_thread_blocked, id=11148, stack(0x22e20000,0x22ea0000)]
  0x1e1bac00 JavaThread "Code Analyzer updating thread" [_thread_blocked, id=11336, stack(0x23090000,0x23110000)]
  0x1e1ba400 JavaThread "Code Analyzer updating thread" [_thread_blocked, id=9432, stack(0x22f30000,0x22fb0000)]
  0x1e1ba000 JavaThread "Code Analyzer updating thread" [_thread_blocked, id=3336, stack(0x22a00000,0x22a80000)]
  0x1e1b9800 JavaThread "Code Analyzer updating thread" [_thread_blocked, id=8096, stack(0x22b50000,0x22bd0000)]
  0x1e1b9400 JavaThread "Code Analyzer updating thread" [_thread_blocked, id=3428, stack(0x22c30000,0x22cb0000)]
  0x1e1b8c00 JavaThread "Code Analyzer updating thread" [_thread_blocked, id=12860, stack(0x22a80000,0x22b00000)]
  0x1e1b8800 JavaThread "Code Analyzer updating thread" [_thread_blocked, id=9252, stack(0x22950000,0x229d0000)]
  0x1e1b8000 JavaThread "Code Analyzer updating thread" [_thread_blocked, id=12896, stack(0x215a0000,0x21620000)]
  0x1e1b6800 JavaThread "Code Analyzer updating thread" [_thread_blocked, id=9284, stack(0x21030000,0x210b0000)]
  0x1e1b7c00 JavaThread "Code Analyzer updating thread" [_thread_blocked, id=4992, stack(0x217d0000,0x21850000)]
  0x1e1b7400 JavaThread "Active Reference Queue Daemon" daemon [_thread_blocked, id=1812, stack(0x21660000,0x216e0000)]
  0x1e1b7000 JavaThread "Timer-4" daemon [_thread_blocked, id=4708, stack(0x214e0000,0x21560000)]
  0x1e1b6400 JavaThread "Timer-3" daemon [_thread_blocked, id=8932, stack(0x20ce0000,0x20d60000)]
  0x1e1b4c00 JavaThread "Prefs Updater" daemon [_thread_blocked, id=4852, stack(0x21240000,0x212c0000)]
  0x1e1b4400 JavaThread "Timer-1" [_thread_blocked, id=9708, stack(0x21150000,0x211d0000)]
  0x1e1b4000 JavaThread "FelixPackageAdmin" daemon [_thread_blocked, id=11796, stack(0x20fb0000,0x21030000)]
  0x1e1b3800 JavaThread "FelixStartLevel" daemon [_thread_blocked, id=12364, stack(0x20b20000,0x20ba0000)]
  0x1e180800 JavaThread "FelixDispatchQueue" daemon [_thread_blocked, id=3960, stack(0x20dd0000,0x20e50000)]
  0x1e06a800 JavaThread "TimerQueue" daemon [_thread_blocked, id=8512, stack(0x1e6d0000,0x1e750000)]
=>0x1df26400 JavaThread "AWT-EventQueue-0" [_thread_in_native, id=12928, stack(0x1ed30000,0x1edb0000)]
  0x1de04000 JavaThread "com.google.common.base.internal.Finalizer" daemon [_thread_blocked, id=12032, stack(0x1eb30000,0x1ebb0000)]
  0x1de96c00 JavaThread "AWT-Windows" daemon [_thread_in_native, id=9508, stack(0x1e890000,0x1e910000)]
  0x1de96400 JavaThread "AWT-Shutdown" [_thread_blocked, id=5476, stack(0x1e760000,0x1e7e0000)]
  0x1de94000 JavaThread "Java2D Disposer" daemon [_thread_blocked, id=13040, stack(0x1c080000,0x1c100000)]
  0x0fc0b400 JavaThread "Timer-0" [_thread_blocked, id=13244, stack(0x0ff80000,0x10000000)]
  0x0fbc5400 JavaThread "JMI Unnamed Thread" [_thread_in_native, id=6072, stack(0x08f50000,0x09750000)]
  0x0a42f400 JavaThread "Low Memory Detector" daemon [_thread_blocked, id=10212, stack(0x0fab0000,0x0fb30000)]
  0x0a42a800 JavaThread "CompilerThread0" daemon [_thread_blocked, id=9976, stack(0x1ca10000,0x1d210000)]
  0x0a420000 JavaThread "Attach Listener" daemon [_thread_blocked, id=5840, stack(0x0f9a0000,0x0fa20000)]
  0x0a3ebc00 JavaThread "Finalizer" daemon [_thread_blocked, id=12632, stack(0x0bf50000,0x0bfd0000)]
  0x0a3ea800 JavaThread "Reference Handler" daemon [_thread_blocked, id=12784, stack(0x0ad40000,0x0adc0000)]
  0x0a36e800 JavaThread "main" [_thread_in_native, id=8036, stack(0x00250000,0x00a50000)]

Other Threads:
  0x0a3e7000 VMThread [stack: 0x1c130000,0x1c930000] [id=12304]
  0x0fb39800 WatcherThread [stack: 0x1d260000,0x1da60000] [id=11156]

VM state:not at safepoint (normal execution)

VM Mutex/Monitor currently owned by a thread: None

Heap
 def new generation   total 27264K, used 19201K [0x10010000, 0x11da0000, 0x12010000)
  eden space 24256K,  78% used [0x10010000, 0x112934b0, 0x117c0000)
  from space 3008K,   8% used [0x11ab0000, 0x11aed190, 0x11da0000)
  to   space 3008K,   0% used [0x117c0000, 0x117c0000, 0x11ab0000)
 tenured generation   total 90476K, used 73850K [0x12010000, 0x1786b000, 0x18010000)
   the space 90476K,  81% used [0x12010000, 0x1682e9b8, 0x1682ea00, 0x1786b000)
 compacting perm gen  total 36864K, used 36699K [0x18010000, 0x1a410000, 0x1c010000)
   the space 36864K,  99% used [0x18010000, 0x1a3e6c40, 0x1a3e6e00, 0x1a410000)
No shared spaces configured.

Dynamic libraries:
0x01380000 - 0x013a5000 	C:\Program Files (x86)\MATLAB\R2011a Student\bin\win32\MATLAB.exe
0x77b90000 - 0x77d10000 	C:\windows\SysWOW64\ntdll.dll
0x77190000 - 0x772a0000 	C:\windows\syswow64\kernel32.dll
0x77490000 - 0x774d7000 	C:\windows\syswow64\KERNELBASE.dll
0x7ef10000 - 0x7efcd000 	C:\Program Files (x86)\MATLAB\R2011a Student\bin\win32\libut.dll
0x7dce0000 - 0x7dd35000 	C:\Program Files (x86)\MATLAB\R2011a Student\bin\win32\libmwi18n.dll
0x10000000 - 0x10009000 	C:\Program Files (x86)\MATLAB\R2011a Student\bin\win32\libmwresource_core.dll
0x71dc0000 - 0x71e4e000 	C:\windows\WinSxS\x86_microsoft.vc90.crt_1fc8b3b9a1e18e3b_9.0.30729.6161_none_50934f2ebcb7eb57\MSVCP90.dll
0x71d10000 - 0x71db3000 	C:\windows\WinSxS\x86_microsoft.vc90.crt_1fc8b3b9a1e18e3b_9.0.30729.6161_none_50934f2ebcb7eb57\MSVCR90.dll
0x73d00000 - 0x73d0e000 	C:\Program Files (x86)\MATLAB\R2011a Student\bin\win32\boost_date_time-vc90-mt-1_40.dll
0x736b0000 - 0x736c3000 	C:\Program Files (x86)\MATLAB\R2011a Student\bin\win32\boost_filesystem-vc90-mt-1_40.dll
0x73f70000 - 0x73f77000 	C:\Program Files (x86)\MATLAB\R2011a Student\bin\win32\boost_system-vc90-mt-1_40.dll
0x73d10000 - 0x73d1f000 	C:\Program Files (x86)\MATLAB\R2011a Student\bin\win32\boost_thread-vc90-mt-1_40.dll
0x73550000 - 0x7356f000 	C:\Program Files (x86)\MATLAB\R2011a Student\bin\win32\LIBEXPAT.dll
0x72eb0000 - 0x73009000 	C:\Program Files (x86)\MATLAB\R2011a Student\bin\win32\icuin42.dll
0x7ea10000 - 0x7eb35000 	C:\Program Files (x86)\MATLAB\R2011a Student\bin\win32\icuuc42.dll
0x77380000 - 0x77420000 	C:\windows\syswow64\ADVAPI32.dll
0x76a10000 - 0x76abc000 	C:\windows\syswow64\msvcrt.dll
0x77170000 - 0x77189000 	C:\windows\SysWOW64\sechost.dll
0x76840000 - 0x76930000 	C:\windows\syswow64\RPCRT4.dll
0x755e0000 - 0x75640000 	C:\windows\syswow64\SspiCli.dll
0x755d0000 - 0x755dc000 	C:\windows\syswow64\CRYPTBASE.dll
0x013b0000 - 0x022f7000 	C:\Program Files (x86)\MATLAB\R2011a Student\bin\win32\icudt42.dll
0x7ee50000 - 0x7ef07000 	C:\Program Files (x86)\MATLAB\R2011a Student\bin\win32\libmwfl.dll
0x001c0000 - 0x00237000 	C:\Program Files (x86)\MATLAB\R2011a Student\bin\win32\libmwMATLAB_res.dll
0x73c80000 - 0x73c8f000 	C:\Program Files (x86)\MATLAB\R2011a Student\bin\win32\boost_signals-vc90-mt-1_40.dll
0x762a0000 - 0x762ca000 	C:\windows\syswow64\imagehlp.dll
0x76780000 - 0x76785000 	C:\windows\syswow64\PSAPI.DLL
0x73db0000 - 0x73dbe000 	C:\Program Files (x86)\MATLAB\R2011a Student\bin\win32\icuio42.dll
0x71c20000 - 0x71d0b000 	C:\windows\system32\dbghelp.dll
0x77690000 - 0x77790000 	C:\windows\syswow64\USER32.dll
0x772a0000 - 0x77330000 	C:\windows\syswow64\GDI32.dll
0x77340000 - 0x7734a000 	C:\windows\syswow64\LPK.dll
0x77500000 - 0x7759d000 	C:\windows\syswow64\USP10.dll
0x00ef0000 - 0x0108b000 	C:\Program Files (x86)\MATLAB\R2011a Student\bin\win32\libmwservices.dll
0x7db50000 - 0x7dbb9000 	C:\Program Files (x86)\MATLAB\R2011a Student\bin\win32\libmx.dll
0x73730000 - 0x73743000 	C:\Program Files (x86)\MATLAB\R2011a Student\bin\win32\zlib1.dll
0x7e800000 - 0x7e8ee000 	C:\Program Files (x86)\MATLAB\R2011a Student\bin\win32\libmwmathutil.dll
0x00aa0000 - 0x00adb000 	C:\Program Files (x86)\MATLAB\R2011a Student\bin\win32\mpath.dll
0x72990000 - 0x72b75000 	C:\Program Files (x86)\MATLAB\R2011a Student\bin\win32\mlutil.dll
0x00b00000 - 0x00b5d000 	C:\Program Files (x86)\MATLAB\R2011a Student\bin\win32\xmlcore.dll
0x01090000 - 0x01242000 	C:\Program Files (x86)\MATLAB\R2011a Student\bin\win32\xerces-c_2_7.dll
0x76380000 - 0x763b5000 	C:\windows\syswow64\WS2_32.dll
0x77330000 - 0x77336000 	C:\windows\syswow64\NSI.dll
0x00b80000 - 0x00bb3000 	C:\Program Files (x86)\MATLAB\R2011a Student\bin\win32\tbb.dll
0x75640000 - 0x7628a000 	C:\windows\syswow64\SHELL32.dll
0x77630000 - 0x77687000 	C:\windows\syswow64\SHLWAPI.dll
0x74540000 - 0x745c4000 	C:\windows\WinSxS\x86_microsoft.windows.common-controls_6595b64144ccf1df_5.82.7601.17514_none_ec83dffa859149af\COMCTL32.dll
0x767c0000 - 0x7683b000 	C:\windows\syswow64\COMDLG32.dll
0x716b0000 - 0x716c1000 	C:\windows\system32\NETAPI32.dll
0x716a0000 - 0x716a9000 	C:\windows\system32\netutils.dll
0x71680000 - 0x71699000 	C:\windows\system32\srvcli.dll
0x71670000 - 0x7167f000 	C:\windows\system32\wkscli.dll
0x76ac0000 - 0x76c1c000 	C:\windows\syswow64\ole32.dll
0x762f0000 - 0x7637f000 	C:\windows\syswow64\OLEAUT32.dll
0x00c60000 - 0x00ce9000 	C:\Program Files (x86)\MATLAB\R2011a Student\bin\win32\mcr.dll
0x7d4b0000 - 0x7d547000 	C:\Program Files (x86)\MATLAB\R2011a Student\bin\win32\iqm.dll
0x02300000 - 0x027ca000 	C:\Program Files (x86)\MATLAB\R2011a Student\bin\win32\m_interpreter.dll
0x71760000 - 0x7176d000 	C:\Program Files (x86)\MATLAB\R2011a Student\bin\win32\libmex.dll
0x00d20000 - 0x00d91000 	C:\Program Files (x86)\MATLAB\R2011a Student\bin\win32\m_dispatcher.dll
0x01250000 - 0x012ec000 	C:\Program Files (x86)\MATLAB\R2011a Student\bin\win32\boost_regex-vc90-mt-1_40.dll
0x012f0000 - 0x01348000 	C:\Program Files (x86)\MATLAB\R2011a Student\bin\win32\profiler.dll
0x734f0000 - 0x73513000 	C:\Program Files (x86)\MATLAB\R2011a Student\bin\win32\libmwmathrng.dll
0x01350000 - 0x01364000 	C:\Program Files (x86)\MATLAB\R2011a Student\bin\win32\m_pcodeio.dll
0x7e080000 - 0x7e0c5000 	C:\Program Files (x86)\MATLAB\R2011a Student\bin\win32\m_ir.dll
0x027d0000 - 0x02cf8000 	C:\Program Files (x86)\MATLAB\R2011a Student\bin\win32\m_parser.dll
0x02d10000 - 0x02d22000 	C:\Program Files (x86)\MATLAB\R2011a Student\bin\win32\ir_xfmr.dll
0x02d40000 - 0x02eb7000 	C:\Program Files (x86)\MATLAB\R2011a Student\bin\win32\mcos.dll
0x71700000 - 0x7170a000 	C:\Program Files (x86)\MATLAB\R2011a Student\bin\win32\mtok.dll
0x02ee0000 - 0x02f00000 	C:\Program Files (x86)\MATLAB\R2011a Student\bin\win32\m_pcodegen.dll
0x7e000000 - 0x7e045000 	C:\Program Files (x86)\MATLAB\R2011a Student\bin\win32\libmwspmatrix.dll
0x7e1c0000 - 0x7e1e3000 	C:\Program Files (x86)\MATLAB\R2011a Student\bin\win32\libmwbridge.dll
0x02f30000 - 0x02fb8000 	C:\Program Files (x86)\MATLAB\R2011a Student\bin\win32\udd.dll
0x02fd0000 - 0x030d1000 	C:\Program Files (x86)\MATLAB\R2011a Student\bin\win32\libmwgui.dll
0x030f0000 - 0x03102000 	C:\Program Files (x86)\MATLAB\R2011a Student\bin\win32\graphics_util.dll
0x03120000 - 0x0369c000 	C:\Program Files (x86)\MATLAB\R2011a Student\bin\win32\hg.dll
0x036b0000 - 0x036e8000 	C:\Program Files (x86)\MATLAB\R2011a Student\bin\win32\libmat.dll
0x03700000 - 0x038c7000 	C:\Program Files (x86)\MATLAB\R2011a Student\bin\win32\libhdf5.dll
0x038e0000 - 0x0393a000 	C:\Program Files (x86)\MATLAB\R2011a Student\bin\win32\jmi.dll
0x03950000 - 0x0395b000 	C:\Program Files (x86)\MATLAB\R2011a Student\bin\win32\nativejava_services.dll
0x03970000 - 0x0399d000 	C:\Program Files (x86)\MATLAB\R2011a Student\bin\win32\libmwhardcopy.dll
0x039b0000 - 0x039ee000 	C:\Program Files (x86)\MATLAB\R2011a Student\bin\win32\libuij.dll
0x03a00000 - 0x03b3d000 	C:\Program Files (x86)\MATLAB\R2011a Student\bin\win32\hgdatatypes.dll
0x03b50000 - 0x03bca000 	C:\Program Files (x86)\MATLAB\R2011a Student\bin\win32\hgutils.dll
0x03be0000 - 0x03c15000 	C:\Program Files (x86)\MATLAB\R2011a Student\bin\win32\libmwlapack.dll
0x03c30000 - 0x03c3e000 	C:\Program Files (x86)\MATLAB\R2011a Student\bin\win32\libmwbinder.dll
0x03c50000 - 0x03c59000 	C:\Program Files (x86)\MATLAB\R2011a Student\bin\win32\libmwompwrapper.dll
0x74dc0000 - 0x75053000 	C:\Program Files (x86)\MATLAB\R2011a Student\bin\win32\uiw.dll
0x03c80000 - 0x03c89000 	C:\Program Files (x86)\MATLAB\R2011a Student\bin\win32\uinone.dll
0x03ca0000 - 0x0403d000 	C:\windows\WinSxS\x86_microsoft.vc90.mfc_1fc8b3b9a1e18e3b_9.0.30729.6161_none_4bf7e3e2bf9ada4c\mfc90.dll
0x74530000 - 0x74535000 	C:\windows\system32\MSIMG32.dll
0x71ad0000 - 0x71b21000 	C:\windows\system32\WINSPOOL.DRV
0x04040000 - 0x040ba000 	C:\Program Files (x86)\MATLAB\R2011a Student\bin\win32\udd_mi.dll
0x040d0000 - 0x040e3000 	C:\Program Files (x86)\MATLAB\R2011a Student\bin\win32\mwoles05.DLL
0x04100000 - 0x0414b000 	C:\Program Files (x86)\MATLAB\R2011a Student\bin\win32\comcli.dll
0x04160000 - 0x0418b000 	C:\windows\WinSxS\x86_microsoft.vc90.atl_1fc8b3b9a1e18e3b_9.0.30729.6161_none_51cd0a7abbe4e19b\ATL90.DLL
0x04190000 - 0x04199000 	C:\Program Files (x86)\MATLAB\R2011a Student\bin\win32\mlautoregister.dll
0x041b0000 - 0x041ba000 	C:\Program Files (x86)\MATLAB\R2011a Student\bin\win32\boost_iostreams-vc90-mt-1_40.dll
0x76c30000 - 0x76c90000 	C:\windows\system32\IMM32.DLL
0x76580000 - 0x7664c000 	C:\windows\syswow64\MSCTF.dll
0x744b0000 - 0x74530000 	C:\windows\system32\UxTheme.dll
0x74490000 - 0x744a3000 	C:\windows\system32\dwmapi.dll
0x04250000 - 0x0425d000 	C:\windows\WinSxS\x86_microsoft.vc90.mfcloc_1fc8b3b9a1e18e3b_9.0.30729.6161_none_49768ef57548175e\MFC90ENU.DLL
0x04410000 - 0x0441b000 	C:\windows\system32\profapi.dll
0x71780000 - 0x7191e000 	C:\windows\WinSxS\x86_microsoft.windows.common-controls_6595b64144ccf1df_6.0.7601.17514_none_41e6975e2bd6f2b2\comctl32.dll
0x76ca0000 - 0x76e3d000 	C:\windows\syswow64\SETUPAPI.dll
0x76790000 - 0x767b7000 	C:\windows\syswow64\CFGMGR32.dll
0x762d0000 - 0x762e2000 	C:\windows\syswow64\DEVOBJ.dll
0x76930000 - 0x769b3000 	C:\windows\syswow64\CLBCatQ.DLL
0x71420000 - 0x71515000 	C:\windows\system32\propsys.dll
0x74d10000 - 0x74d31000 	C:\windows\system32\ntmarta.dll
0x769c0000 - 0x76a05000 	C:\windows\syswow64\WLDAP32.dll
0x06f80000 - 0x06f9d000 	C:\Program Files (x86)\MATLAB\R2011a Student\bin\win32\tbbmalloc.dll
0x74bf0000 - 0x74c0c000 	C:\windows\system32\iphlpapi.dll
0x74be0000 - 0x74be7000 	C:\windows\system32\WINNSI.DLL
0x74b90000 - 0x74bd4000 	C:\windows\system32\DNSAPI.dll
0x71570000 - 0x71582000 	C:\windows\system32\dhcpcsvc.DLL
0x71560000 - 0x7156d000 	C:\windows\system32\dhcpcsvc6.DLL
0x0c870000 - 0x0cafb000 	C:\Program Files (x86)\MATLAB\R2011a Student\sys\java\jre\win32\jre\bin\client\jvm.dll
0x07180000 - 0x071b2000 	C:\windows\system32\WINMM.dll
0x7d910000 - 0x7d966000 	C:\Program Files (x86)\MATLAB\R2011a Student\bin\win32\MSVCR71.dll
0x71bd0000 - 0x71c1c000 	C:\windows\system32\apphelp.dll
0x73da0000 - 0x73dac000 	C:\Program Files (x86)\MATLAB\R2011a Student\sys\java\jre\win32\jre\bin\verify.dll
0x73570000 - 0x7358f000 	C:\Program Files (x86)\MATLAB\R2011a Student\sys\java\jre\win32\jre\bin\java.dll
0x73f40000 - 0x73f48000 	C:\Program Files (x86)\MATLAB\R2011a Student\sys\java\jre\win32\jre\bin\hpi.dll
0x73ce0000 - 0x73cef000 	C:\Program Files (x86)\MATLAB\R2011a Student\sys\java\jre\win32\jre\bin\zip.dll
0x7daf0000 - 0x7db44000 	C:\Program Files (x86)\MATLAB\R2011a Student\sys\java\jre\win32\jre\bin\fontmanager.dll
0x0fd30000 - 0x0fe7a000 	C:\Program Files (x86)\MATLAB\R2011a Student\sys\java\jre\win32\jre\bin\awt.dll

VM Arguments:
jvm_args: -Xss512k -XX:PermSize=32m -Xms64m -XX:NewRatio=3 -XX:MaxPermSize=64m -Xmx128m -XX:MaxDirectMemorySize=1200000000 -Dsun.java2d.noddraw=true -Dsun.awt.nopixfmt=true -Xshare:off -Xrs -Dsun.awt.disableMixing=true -Djava.library.path=C:\Program Files (x86)\MATLAB\R2011a Student\bin\win32 vfprintf abort 
java_command: <unknown>
Launcher Type: generic

Environment Variables:
CLASSPATH=.;C:\Program Files (x86)\Java\jre6\lib\ext\QTJava.zip
PATH=C:\windows\system32;C:\windows;C:\windows\System32\Wbem;C:\windows\System32\WindowsPowerShell\v1.0\;C:\Program Files (x86)\MATLAB\R2011a Student\bin;C:\Program Files (x86)\MiKTeX 2.9\miktex\bin\;C:\Program Files (x86)\Graphviz2.30\bin;C:\Program Files (x86)\QuickTime\QTSystem\;C:\Program Files (x86)\RTAB-Map 0.5.0\bin;C:\Program Files\Microsoft\Web Platform Installer\;C:\Program Files (x86)\Microsoft ASP.NET\ASP.NET Web Pages\v1.0\;C:\Program Files (x86)\Windows Kits\8.0\Windows Performance Toolkit\;C:\Program Files\Microsoft SQL Server\110\Tools\Binn\;C:\Program Files (x86)\CMake 2.8\bin;C:\Program Files (x86)\OpenRAVE-0.9.0\bin;C:\Program Files\TortoiseSVN\bin
USERNAME=Amirhossein
OS=Windows_NT
PROCESSOR_IDENTIFIER=Intel64 Family 6 Model 30 Stepping 5, GenuineIntel



---------------  S Y S T E M  ---------------

OS: Windows 7 Build 7601 Service Pack 1

CPU:total 8 (8 cores per cpu, 2 threads per core) family 6 model 30 stepping 5, cmov, cx8, fxsr, mmx, sse, sse2, sse3, ssse3, sse4.1, sse4.2, ht

Memory: 4k page, physical 4194303k(1798784k free), swap 4194303k(4194303k free)

vm_info: Java HotSpot(TM) Client VM (14.3-b01) for windows-x86 JRE (1.6.0_17-b04), built on Oct 11 2009 00:52:06 by "java_re" with MS VC++ 7.1

time: Wed Sep 04 20:35:41 2013
elapsed time: 181347 seconds

