#
# A fatal error has been detected by the Java Runtime Environment:
#
#  EXCEPTION_ACCESS_VIOLATION (0xc0000005) at pc=0x1c0b25e0, pid=9072, tid=9956
#
# JRE version: 6.0_17-b04
# Java VM: Java HotSpot(TM) Client VM (14.3-b01 mixed mode windows-x86 )
# Problematic frame:
# C  [awt.dll+0xa25e0]
#
# If you would like to submit a bug report, please visit:
#   http://java.sun.com/webapps/bugreport/crash.jsp
# The crash happened outside the Java Virtual Machine in native code.
# See problematic frame for where to report the bug.
#

---------------  T H R E A D  ---------------

Current thread (0x1d85e800):  JavaThread "AWT-EventQueue-0" [_thread_in_native, id=9956, stack(0x1dfe0000,0x1e060000)]

siginfo: ExceptionCode=0xc0000005, reading address 0x00000004

Registers:
EAX=0x0000000d, EBX=0x1dc9c6e8, ECX=0x00000000, EDX=0x00000000
ESP=0x1e05ea94, EBP=0x75934f70, ESI=0x44012c17, EDI=0x1db27e50
EIP=0x1c0b25e0, EFLAGS=0x00210293

Top of Stack: (sp=0x1e05ea94)
0x1e05ea94:   1c07663a 44012c17 1e05f010 1d85e910
0x1e05eaa4:   1e05efb0 1db27e50 1c05c46e 1d85e910
0x1e05eab4:   1db27e50 1d9de360 1c05c491 00000001
0x1e05eac4:   1d85e800 1d85e910 1c073cbc 1d85e910
0x1e05ead4:   1e05f010 1d85e800 00000000 00000000
0x1e05eae4:   00000006 1e05eb98 0cfffb68 12a61208
0x1e05eaf4:   1d9de360 00000017 1023b768 1023b6a0
0x1e05eb04:   18292b40 1e05eb28 0cf6fedc 1023b6a0 

Instructions: (pc=0x1c0b25e0)
0x1c0b25d0:   8b 41 04 8b 80 0c 0c 00 00 c3 cc cc cc cc cc cc
0x1c0b25e0:   8b 49 04 85 c9 74 05 e9 94 85 fe ff 33 c0 c2 04 


Stack: [0x1dfe0000,0x1e060000],  sp=0x1e05ea94,  free space=506k
Native frames: (J=compiled Java code, j=interpreted, Vv=VM code, C=native code)
C  [awt.dll+0xa25e0]

Java frames: (J=compiled Java code, j=interpreted, Vv=VM code)
J  sun.java2d.windows.GDIBlitLoops.nativeBlit(Lsun/java2d/SurfaceData;Lsun/java2d/SurfaceData;Lsun/java2d/pipe/Region;IIIIIIIIIZ)V
J  sun.java2d.windows.GDIBlitLoops.Blit(Lsun/java2d/SurfaceData;Lsun/java2d/SurfaceData;Ljava/awt/Composite;Lsun/java2d/pipe/Region;IIIIII)V
J  sun.java2d.pipe.DrawImage.blitSurfaceData(Lsun/java2d/SunGraphics2D;Lsun/java2d/pipe/Region;Lsun/java2d/SurfaceData;Lsun/java2d/SurfaceData;Lsun/java2d/loops/SurfaceType;Lsun/java2d/loops/SurfaceType;IIIIIILjava/awt/Color;)V
J  sun.java2d.pipe.DrawImage.renderImageCopy(Lsun/java2d/SunGraphics2D;Ljava/awt/Image;Ljava/awt/Color;IIIIII)Z
J  sun.java2d.pipe.DrawImage.copyImage(Lsun/java2d/SunGraphics2D;Ljava/awt/Image;IILjava/awt/Color;)Z
J  sun.java2d.pipe.DrawImage.copyImage(Lsun/java2d/SunGraphics2D;Ljava/awt/Image;IILjava/awt/Color;Ljava/awt/image/ImageObserver;)Z
J  sun.java2d.pipe.ValidatePipe.copyImage(Lsun/java2d/SunGraphics2D;Ljava/awt/Image;IILjava/awt/Color;Ljava/awt/image/ImageObserver;)Z
J  sun.java2d.SunGraphics2D.drawImage(Ljava/awt/Image;IILjava/awt/Color;Ljava/awt/image/ImageObserver;)Z
J  sun.java2d.SunGraphics2D.drawImage(Ljava/awt/Image;IILjava/awt/image/ImageObserver;)Z
J  javax.swing.RepaintManager$PaintManager.paintDoubleBuffered(Ljavax/swing/JComponent;Ljava/awt/Image;Ljava/awt/Graphics;IIII)V
J  javax.swing.RepaintManager$PaintManager.paint(Ljavax/swing/JComponent;Ljavax/swing/JComponent;Ljava/awt/Graphics;IIII)Z
J  javax.swing.RepaintManager.paint(Ljavax/swing/JComponent;Ljavax/swing/JComponent;Ljava/awt/Graphics;IIII)V
J  javax.swing.JComponent.paint(Ljava/awt/Graphics;)V
j  java.awt.GraphicsCallback$PaintCallback.run(Ljava/awt/Component;Ljava/awt/Graphics;)V+2
j  sun.awt.SunGraphicsCallback.runOneComponent(Ljava/awt/Component;Ljava/awt/Rectangle;Ljava/awt/Graphics;Ljava/awt/Shape;I)V+155
j  sun.awt.SunGraphicsCallback.runComponents([Ljava/awt/Component;Ljava/awt/Graphics;I)V+104
j  java.awt.Container.paint(Ljava/awt/Graphics;)V+73
J  javax.swing.RepaintManager.paintDirtyRegions(Ljava/util/Map;)V
J  javax.swing.RepaintManager.paintDirtyRegions()V
J  javax.swing.RepaintManager.seqPaintDirtyRegions()V
J  javax.swing.SystemEventQueueUtilities$ComponentWorkRequest.run()V
J  java.awt.event.InvocationEvent.dispatch()V
J  java.awt.EventQueue.dispatchEvent(Ljava/awt/AWTEvent;)V
J  java.awt.EventDispatchThread.pumpOneEventForFilters(I)Z
J  java.awt.EventDispatchThread.pumpEventsForFilter(ILjava/awt/Conditional;Ljava/awt/EventFilter;)V
j  java.awt.EventDispatchThread.pumpEventsForHierarchy(ILjava/awt/Conditional;Ljava/awt/Component;)V+11
j  java.awt.EventDispatchThread.pumpEvents(ILjava/awt/Conditional;)V+4
j  java.awt.EventDispatchThread.pumpEvents(Ljava/awt/Conditional;)V+3
j  java.awt.EventDispatchThread.run()V+9
v  ~StubRoutines::call_stub

---------------  P R O C E S S  ---------------

Java Threads: ( => current thread )
  0x1da76c00 JavaThread "RequestQueue for GenericFileList" [_thread_blocked, id=4040, stack(0x08870000,0x088f0000)]
  0x2185b400 JavaThread "Code Analyzer updating thread" [_thread_blocked, id=13540, stack(0x20e30000,0x20eb0000)]
  0x2185ac00 JavaThread "Code Analyzer updating thread" [_thread_blocked, id=7652, stack(0x21610000,0x21690000)]
  0x2185a800 JavaThread "Code Analyzer updating thread" [_thread_blocked, id=4908, stack(0x213d0000,0x21450000)]
  0x2185a000 JavaThread "Code Analyzer updating thread" [_thread_blocked, id=3308, stack(0x214f0000,0x21570000)]
  0x21859c00 JavaThread "Code Analyzer updating thread" [_thread_blocked, id=11152, stack(0x21470000,0x214f0000)]
  0x21859400 JavaThread "Code Analyzer updating thread" [_thread_blocked, id=10788, stack(0x1f5a0000,0x1f620000)]
  0x21859000 JavaThread "Code Analyzer updating thread" [_thread_blocked, id=11340, stack(0x21220000,0x212a0000)]
  0x21858800 JavaThread "Code Analyzer updating thread" [_thread_blocked, id=1368, stack(0x20f50000,0x20fd0000)]
  0x21858400 JavaThread "Code Analyzer updating thread" [_thread_blocked, id=12608, stack(0x21150000,0x211d0000)]
  0x21857c00 JavaThread "Code Analyzer updating thread" [_thread_blocked, id=10840, stack(0x210d0000,0x21150000)]
  0x21857800 JavaThread "Code Analyzer updating thread" [_thread_blocked, id=13528, stack(0x21000000,0x21080000)]
  0x21857000 JavaThread "Code Analyzer updating thread" [_thread_blocked, id=14280, stack(0x20ed0000,0x20f50000)]
  0x1da78c00 JavaThread "Code Analyzer updating thread" [_thread_blocked, id=11404, stack(0x20c50000,0x20cd0000)]
  0x1da78400 JavaThread "Code Analyzer updating thread" [_thread_blocked, id=11912, stack(0x20d40000,0x20dc0000)]
  0x1da78000 JavaThread "Code Analyzer updating thread" [_thread_blocked, id=13836, stack(0x20a60000,0x20ae0000)]
  0x1da77800 JavaThread "Code Analyzer updating thread" [_thread_blocked, id=7820, stack(0x20990000,0x20a10000)]
  0x1da77400 JavaThread "Code Analyzer updating thread" [_thread_blocked, id=3252, stack(0x20810000,0x20890000)]
  0x1da75000 JavaThread "Code Analyzer updating thread" [_thread_blocked, id=6184, stack(0x208f0000,0x20970000)]
  0x1da76800 JavaThread "Code Analyzer updating thread" [_thread_blocked, id=9364, stack(0x226e0000,0x22760000)]
  0x1da75c00 JavaThread "Active Reference Queue Daemon" daemon [_thread_blocked, id=11860, stack(0x06e40000,0x06ec0000)]
  0x1da75400 JavaThread "Timer-6" daemon [_thread_blocked, id=12812, stack(0x06fa0000,0x07020000)]
  0x1da74800 JavaThread "Timer-5" daemon [_thread_blocked, id=7848, stack(0x06b70000,0x06bf0000)]
  0x1da72c00 JavaThread "Prefs Updater" daemon [_thread_in_native, id=14076, stack(0x06a30000,0x06ab0000)]
  0x1da71400 JavaThread "Timer-1" [_thread_blocked, id=9776, stack(0x066f0000,0x06770000)]
  0x1da72400 JavaThread "FelixPackageAdmin" daemon [_thread_blocked, id=1356, stack(0x206b0000,0x20730000)]
  0x1da72000 JavaThread "FelixStartLevel" daemon [_thread_blocked, id=6024, stack(0x20780000,0x20800000)]
  0x1da71800 JavaThread "FelixDispatchQueue" daemon [_thread_blocked, id=8092, stack(0x1f520000,0x1f5a0000)]
  0x1d938000 JavaThread "TimerQueue" daemon [_thread_blocked, id=8072, stack(0x1e2a0000,0x1e320000)]
=>0x1d85e800 JavaThread "AWT-EventQueue-0" [_thread_in_native, id=9956, stack(0x1dfe0000,0x1e060000)]
  0x1d7b5400 JavaThread "com.google.common.base.internal.Finalizer" daemon [_thread_blocked, id=11952, stack(0x1e340000,0x1e3c0000)]
  0x1d7ac400 JavaThread "AWT-Windows" daemon [_thread_in_native, id=14308, stack(0x1e1e0000,0x1e260000)]
  0x1d7abc00 JavaThread "AWT-Shutdown" [_thread_blocked, id=12184, stack(0x1df40000,0x1dfc0000)]
  0x1d79c800 JavaThread "Java2D Disposer" daemon [_thread_blocked, id=8032, stack(0x1e070000,0x1e0f0000)]
  0x0fe1bc00 JavaThread "Timer-0" [_thread_blocked, id=13476, stack(0x1ca50000,0x1cad0000)]
  0x0fdd7000 JavaThread "JMI Unnamed Thread" [_thread_in_native, id=9276, stack(0x09150000,0x09950000)]
  0x0fd41400 JavaThread "Low Memory Detector" daemon [_thread_blocked, id=13340, stack(0x0c090000,0x0c110000)]
  0x0912c000 JavaThread "CompilerThread0" daemon [_thread_blocked, id=14116, stack(0x1c180000,0x1c980000)]
  0x09121000 JavaThread "Attach Listener" daemon [_thread_blocked, id=14136, stack(0x09b60000,0x09be0000)]
  0x090ef000 JavaThread "Finalizer" daemon [_thread_blocked, id=7636, stack(0x0b6f0000,0x0b770000)]
  0x090ea400 JavaThread "Reference Handler" daemon [_thread_blocked, id=11276, stack(0x09bf0000,0x09c70000)]
  0x0906e400 JavaThread "main" [_thread_in_native, id=10672, stack(0x00260000,0x00a60000)]

Other Threads:
  0x090e7000 VMThread [stack: 0x0f540000,0x0fd40000] [id=9384]
  0x0fd4a000 WatcherThread [stack: 0x1cb30000,0x1d330000] [id=10732]

VM state:not at safepoint (normal execution)

VM Mutex/Monitor currently owned by a thread: None

Heap
 def new generation   total 22912K, used 2718K [0x10010000, 0x118e0000, 0x12010000)
  eden space 20416K,  11% used [0x10010000, 0x10249130, 0x11400000)
  from space 2496K,  17% used [0x11400000, 0x1146e8c8, 0x11670000)
  to   space 2496K,   0% used [0x11670000, 0x11670000, 0x118e0000)
 tenured generation   total 75780K, used 71370K [0x12010000, 0x16a11000, 0x18010000)
   the space 75780K,  94% used [0x12010000, 0x165c2ad0, 0x165c2c00, 0x16a11000)
 compacting perm gen  total 36096K, used 35869K [0x18010000, 0x1a350000, 0x1c010000)
   the space 36096K,  99% used [0x18010000, 0x1a317788, 0x1a317800, 0x1a350000)
No shared spaces configured.

Dynamic libraries:
0x01230000 - 0x01255000 	C:\Program Files (x86)\MATLAB\R2011a Student\bin\win32\MATLAB.exe
0x77cb0000 - 0x77e30000 	C:\windows\SysWOW64\ntdll.dll
0x759b0000 - 0x75ac0000 	C:\windows\syswow64\kernel32.dll
0x77180000 - 0x771c7000 	C:\windows\syswow64\KERNELBASE.dll
0x7ef10000 - 0x7efcd000 	C:\Program Files (x86)\MATLAB\R2011a Student\bin\win32\libut.dll
0x7dce0000 - 0x7dd35000 	C:\Program Files (x86)\MATLAB\R2011a Student\bin\win32\libmwi18n.dll
0x10000000 - 0x10009000 	C:\Program Files (x86)\MATLAB\R2011a Student\bin\win32\libmwresource_core.dll
0x71ee0000 - 0x71f6e000 	C:\windows\WinSxS\x86_microsoft.vc90.crt_1fc8b3b9a1e18e3b_9.0.30729.6161_none_50934f2ebcb7eb57\MSVCP90.dll
0x71e30000 - 0x71ed3000 	C:\windows\WinSxS\x86_microsoft.vc90.crt_1fc8b3b9a1e18e3b_9.0.30729.6161_none_50934f2ebcb7eb57\MSVCR90.dll
0x73d00000 - 0x73d0e000 	C:\Program Files (x86)\MATLAB\R2011a Student\bin\win32\boost_date_time-vc90-mt-1_40.dll
0x736b0000 - 0x736c3000 	C:\Program Files (x86)\MATLAB\R2011a Student\bin\win32\boost_filesystem-vc90-mt-1_40.dll
0x73f70000 - 0x73f77000 	C:\Program Files (x86)\MATLAB\R2011a Student\bin\win32\boost_system-vc90-mt-1_40.dll
0x73d10000 - 0x73d1f000 	C:\Program Files (x86)\MATLAB\R2011a Student\bin\win32\boost_thread-vc90-mt-1_40.dll
0x73550000 - 0x7356f000 	C:\Program Files (x86)\MATLAB\R2011a Student\bin\win32\LIBEXPAT.dll
0x72eb0000 - 0x73009000 	C:\Program Files (x86)\MATLAB\R2011a Student\bin\win32\icuin42.dll
0x7ea10000 - 0x7eb35000 	C:\Program Files (x86)\MATLAB\R2011a Student\bin\win32\icuuc42.dll
0x77000000 - 0x770a0000 	C:\windows\syswow64\ADVAPI32.dll
0x767a0000 - 0x7684c000 	C:\windows\syswow64\msvcrt.dll
0x76850000 - 0x76869000 	C:\windows\SysWOW64\sechost.dll
0x77760000 - 0x77850000 	C:\windows\syswow64\RPCRT4.dll
0x75700000 - 0x75760000 	C:\windows\syswow64\SspiCli.dll
0x756f0000 - 0x756fc000 	C:\windows\syswow64\CRYPTBASE.dll
0x01260000 - 0x021a7000 	C:\Program Files (x86)\MATLAB\R2011a Student\bin\win32\icudt42.dll
0x7ee50000 - 0x7ef07000 	C:\Program Files (x86)\MATLAB\R2011a Student\bin\win32\libmwfl.dll
0x00a60000 - 0x00ad7000 	C:\Program Files (x86)\MATLAB\R2011a Student\bin\win32\libmwMATLAB_res.dll
0x73c80000 - 0x73c8f000 	C:\Program Files (x86)\MATLAB\R2011a Student\bin\win32\boost_signals-vc90-mt-1_40.dll
0x76880000 - 0x768aa000 	C:\windows\syswow64\imagehlp.dll
0x77310000 - 0x77315000 	C:\windows\syswow64\PSAPI.DLL
0x73db0000 - 0x73dbe000 	C:\Program Files (x86)\MATLAB\R2011a Student\bin\win32\icuio42.dll
0x71d40000 - 0x71e2b000 	C:\windows\system32\dbghelp.dll
0x775a0000 - 0x776a0000 	C:\windows\syswow64\USER32.dll
0x75920000 - 0x759b0000 	C:\windows\syswow64\GDI32.dll
0x76870000 - 0x7687a000 	C:\windows\syswow64\LPK.dll
0x77270000 - 0x7730d000 	C:\windows\syswow64\USP10.dll
0x00c70000 - 0x00e0b000 	C:\Program Files (x86)\MATLAB\R2011a Student\bin\win32\libmwservices.dll
0x7db50000 - 0x7dbb9000 	C:\Program Files (x86)\MATLAB\R2011a Student\bin\win32\libmx.dll
0x73730000 - 0x73743000 	C:\Program Files (x86)\MATLAB\R2011a Student\bin\win32\zlib1.dll
0x7e800000 - 0x7e8ee000 	C:\Program Files (x86)\MATLAB\R2011a Student\bin\win32\libmwmathutil.dll
0x00b20000 - 0x00b5b000 	C:\Program Files (x86)\MATLAB\R2011a Student\bin\win32\mpath.dll
0x72990000 - 0x72b75000 	C:\Program Files (x86)\MATLAB\R2011a Student\bin\win32\mlutil.dll
0x00e20000 - 0x00e7d000 	C:\Program Files (x86)\MATLAB\R2011a Student\bin\win32\xmlcore.dll
0x00e90000 - 0x01042000 	C:\Program Files (x86)\MATLAB\R2011a Student\bin\win32\xerces-c_2_7.dll
0x76bc0000 - 0x76bf5000 	C:\windows\syswow64\WS2_32.dll
0x77320000 - 0x77326000 	C:\windows\syswow64\NSI.dll
0x01060000 - 0x01093000 	C:\Program Files (x86)\MATLAB\R2011a Student\bin\win32\tbb.dll
0x75af0000 - 0x7673a000 	C:\windows\syswow64\SHELL32.dll
0x77850000 - 0x778a7000 	C:\windows\syswow64\SHLWAPI.dll
0x74660000 - 0x746e4000 	C:\windows\WinSxS\x86_microsoft.windows.common-controls_6595b64144ccf1df_5.82.7601.17514_none_ec83dffa859149af\COMCTL32.dll
0x76c00000 - 0x76c7b000 	C:\windows\syswow64\COMDLG32.dll
0x717e0000 - 0x717f1000 	C:\windows\system32\NETAPI32.dll
0x717d0000 - 0x717d9000 	C:\windows\system32\netutils.dll
0x717b0000 - 0x717c9000 	C:\windows\system32\srvcli.dll
0x717a0000 - 0x717af000 	C:\windows\system32\wkscli.dll
0x768c0000 - 0x76a1c000 	C:\windows\syswow64\ole32.dll
0x776d0000 - 0x7775f000 	C:\windows\syswow64\OLEAUT32.dll
0x010b0000 - 0x01139000 	C:\Program Files (x86)\MATLAB\R2011a Student\bin\win32\mcr.dll
0x7d4b0000 - 0x7d547000 	C:\Program Files (x86)\MATLAB\R2011a Student\bin\win32\iqm.dll
0x021b0000 - 0x0267a000 	C:\Program Files (x86)\MATLAB\R2011a Student\bin\win32\m_interpreter.dll
0x71890000 - 0x7189d000 	C:\Program Files (x86)\MATLAB\R2011a Student\bin\win32\libmex.dll
0x01180000 - 0x011f1000 	C:\Program Files (x86)\MATLAB\R2011a Student\bin\win32\m_dispatcher.dll
0x02680000 - 0x0271c000 	C:\Program Files (x86)\MATLAB\R2011a Student\bin\win32\boost_regex-vc90-mt-1_40.dll
0x02720000 - 0x02778000 	C:\Program Files (x86)\MATLAB\R2011a Student\bin\win32\profiler.dll
0x734f0000 - 0x73513000 	C:\Program Files (x86)\MATLAB\R2011a Student\bin\win32\libmwmathrng.dll
0x02790000 - 0x027a4000 	C:\Program Files (x86)\MATLAB\R2011a Student\bin\win32\m_pcodeio.dll
0x7e080000 - 0x7e0c5000 	C:\Program Files (x86)\MATLAB\R2011a Student\bin\win32\m_ir.dll
0x027d0000 - 0x02cf8000 	C:\Program Files (x86)\MATLAB\R2011a Student\bin\win32\m_parser.dll
0x02d10000 - 0x02d22000 	C:\Program Files (x86)\MATLAB\R2011a Student\bin\win32\ir_xfmr.dll
0x02d40000 - 0x02eb7000 	C:\Program Files (x86)\MATLAB\R2011a Student\bin\win32\mcos.dll
0x71880000 - 0x7188a000 	C:\Program Files (x86)\MATLAB\R2011a Student\bin\win32\mtok.dll
0x02ee0000 - 0x02f00000 	C:\Program Files (x86)\MATLAB\R2011a Student\bin\win32\m_pcodegen.dll
0x7e000000 - 0x7e045000 	C:\Program Files (x86)\MATLAB\R2011a Student\bin\win32\libmwspmatrix.dll
0x7e1c0000 - 0x7e1e3000 	C:\Program Files (x86)\MATLAB\R2011a Student\bin\win32\libmwbridge.dll
0x02f30000 - 0x02fb8000 	C:\Program Files (x86)\MATLAB\R2011a Student\bin\win32\udd.dll
0x02fd0000 - 0x030d1000 	C:\Program Files (x86)\MATLAB\R2011a Student\bin\win32\libmwgui.dll
0x030f0000 - 0x03102000 	C:\Program Files (x86)\MATLAB\R2011a Student\bin\win32\graphics_util.dll
0x03120000 - 0x0369c000 	C:\Program Files (x86)\MATLAB\R2011a Student\bin\win32\hg.dll
0x036b0000 - 0x036e8000 	C:\Program Files (x86)\MATLAB\R2011a Student\bin\win32\libmat.dll
0x03700000 - 0x038c7000 	C:\Program Files (x86)\MATLAB\R2011a Student\bin\win32\libhdf5.dll
0x038e0000 - 0x0393a000 	C:\Program Files (x86)\MATLAB\R2011a Student\bin\win32\jmi.dll
0x03950000 - 0x0395b000 	C:\Program Files (x86)\MATLAB\R2011a Student\bin\win32\nativejava_services.dll
0x03970000 - 0x0399d000 	C:\Program Files (x86)\MATLAB\R2011a Student\bin\win32\libmwhardcopy.dll
0x039b0000 - 0x039ee000 	C:\Program Files (x86)\MATLAB\R2011a Student\bin\win32\libuij.dll
0x03a00000 - 0x03b3d000 	C:\Program Files (x86)\MATLAB\R2011a Student\bin\win32\hgdatatypes.dll
0x03b50000 - 0x03bca000 	C:\Program Files (x86)\MATLAB\R2011a Student\bin\win32\hgutils.dll
0x03be0000 - 0x03c15000 	C:\Program Files (x86)\MATLAB\R2011a Student\bin\win32\libmwlapack.dll
0x03c30000 - 0x03c3e000 	C:\Program Files (x86)\MATLAB\R2011a Student\bin\win32\libmwbinder.dll
0x03c50000 - 0x03c59000 	C:\Program Files (x86)\MATLAB\R2011a Student\bin\win32\libmwompwrapper.dll
0x74dc0000 - 0x75053000 	C:\Program Files (x86)\MATLAB\R2011a Student\bin\win32\uiw.dll
0x03c80000 - 0x03c89000 	C:\Program Files (x86)\MATLAB\R2011a Student\bin\win32\uinone.dll
0x03ca0000 - 0x0403d000 	C:\windows\WinSxS\x86_microsoft.vc90.mfc_1fc8b3b9a1e18e3b_9.0.30729.6161_none_4bf7e3e2bf9ada4c\mfc90.dll
0x74650000 - 0x74655000 	C:\windows\system32\MSIMG32.dll
0x71bb0000 - 0x71c01000 	C:\windows\system32\WINSPOOL.DRV
0x04040000 - 0x040ba000 	C:\Program Files (x86)\MATLAB\R2011a Student\bin\win32\udd_mi.dll
0x040d0000 - 0x040e3000 	C:\Program Files (x86)\MATLAB\R2011a Student\bin\win32\mwoles05.DLL
0x04100000 - 0x0414b000 	C:\Program Files (x86)\MATLAB\R2011a Student\bin\win32\comcli.dll
0x04160000 - 0x0418b000 	C:\windows\WinSxS\x86_microsoft.vc90.atl_1fc8b3b9a1e18e3b_9.0.30729.6161_none_51cd0a7abbe4e19b\ATL90.DLL
0x04190000 - 0x04199000 	C:\Program Files (x86)\MATLAB\R2011a Student\bin\win32\mlautoregister.dll
0x041b0000 - 0x041ba000 	C:\Program Files (x86)\MATLAB\R2011a Student\bin\win32\boost_iostreams-vc90-mt-1_40.dll
0x77340000 - 0x773a0000 	C:\windows\system32\IMM32.DLL
0x770b0000 - 0x7717c000 	C:\windows\syswow64\MSCTF.dll
0x745d0000 - 0x74650000 	C:\windows\system32\UxTheme.dll
0x745b0000 - 0x745c3000 	C:\windows\system32\dwmapi.dll
0x75530000 - 0x7553d000 	C:\windows\WinSxS\x86_microsoft.vc90.mfcloc_1fc8b3b9a1e18e3b_9.0.30729.6161_none_49768ef57548175e\MFC90ENU.DLL
0x04330000 - 0x0433b000 	C:\windows\system32\profapi.dll
0x718b0000 - 0x71a4e000 	C:\windows\WinSxS\x86_microsoft.windows.common-controls_6595b64144ccf1df_6.0.7601.17514_none_41e6975e2bd6f2b2\comctl32.dll
0x771e0000 - 0x77263000 	C:\windows\syswow64\CLBCatQ.DLL
0x76c80000 - 0x76e1d000 	C:\windows\syswow64\SETUPAPI.dll
0x776a0000 - 0x776c7000 	C:\windows\syswow64\CFGMGR32.dll
0x75ac0000 - 0x75ad2000 	C:\windows\syswow64\DEVOBJ.dll
0x71640000 - 0x71735000 	C:\windows\system32\propsys.dll
0x04610000 - 0x04631000 	C:\windows\system32\ntmarta.dll
0x76740000 - 0x76785000 	C:\windows\syswow64\WLDAP32.dll
0x046b0000 - 0x046cd000 	C:\Program Files (x86)\MATLAB\R2011a Student\bin\win32\tbbmalloc.dll
0x74d10000 - 0x74d2c000 	C:\windows\system32\iphlpapi.dll
0x74d00000 - 0x74d07000 	C:\windows\system32\WINNSI.DLL
0x74cb0000 - 0x74cf4000 	C:\windows\system32\DNSAPI.dll
0x71580000 - 0x71592000 	C:\windows\system32\dhcpcsvc.DLL
0x71570000 - 0x7157d000 	C:\windows\system32\dhcpcsvc6.DLL
0x0c960000 - 0x0cbeb000 	C:\Program Files (x86)\MATLAB\R2011a Student\sys\java\jre\win32\jre\bin\client\jvm.dll
0x75150000 - 0x75182000 	C:\windows\system32\WINMM.dll
0x7d910000 - 0x7d966000 	C:\Program Files (x86)\MATLAB\R2011a Student\bin\win32\MSVCR71.dll
0x71cf0000 - 0x71d3c000 	C:\windows\system32\apphelp.dll
0x73da0000 - 0x73dac000 	C:\Program Files (x86)\MATLAB\R2011a Student\sys\java\jre\win32\jre\bin\verify.dll
0x73570000 - 0x7358f000 	C:\Program Files (x86)\MATLAB\R2011a Student\sys\java\jre\win32\jre\bin\java.dll
0x73f40000 - 0x73f48000 	C:\Program Files (x86)\MATLAB\R2011a Student\sys\java\jre\win32\jre\bin\hpi.dll
0x73ce0000 - 0x73cef000 	C:\Program Files (x86)\MATLAB\R2011a Student\sys\java\jre\win32\jre\bin\zip.dll
0x7daf0000 - 0x7db44000 	C:\Program Files (x86)\MATLAB\R2011a Student\sys\java\jre\win32\jre\bin\fontmanager.dll
0x1c010000 - 0x1c15a000 	C:\Program Files (x86)\MATLAB\R2011a Student\sys\java\jre\win32\jre\bin\awt.dll

VM Arguments:
jvm_args: -Xss512k -XX:PermSize=32m -Xms64m -XX:NewRatio=3 -XX:MaxPermSize=64m -Xmx128m -XX:MaxDirectMemorySize=1200000000 -Dsun.java2d.noddraw=true -Dsun.awt.nopixfmt=true -Xshare:off -Xrs -Dsun.awt.disableMixing=true -Djava.library.path=C:\Program Files (x86)\MATLAB\R2011a Student\bin\win32 vfprintf abort 
java_command: <unknown>
Launcher Type: generic

Environment Variables:
CLASSPATH=.;C:\Program Files (x86)\Java\jre6\lib\ext\QTJava.zip
PATH=C:\windows\system32;C:\windows;C:\windows\System32\Wbem;C:\windows\System32\WindowsPowerShell\v1.0\;C:\Program Files (x86)\MATLAB\R2011a Student\bin;C:\Program Files (x86)\MiKTeX 2.9\miktex\bin\;C:\Program Files (x86)\Graphviz2.30\bin;C:\Program Files (x86)\QuickTime\QTSystem\;C:\Program Files (x86)\RTAB-Map 0.5.0\bin;C:\Program Files\Microsoft\Web Platform Installer\;C:\Program Files (x86)\Microsoft ASP.NET\ASP.NET Web Pages\v1.0\;C:\Program Files (x86)\Windows Kits\8.0\Windows Performance Toolkit\;C:\Program Files\Microsoft SQL Server\110\Tools\Binn\;C:\Program Files (x86)\CMake 2.8\bin;C:\Program Files (x86)\OpenRAVE-0.9.0\bin;C:\Program Files\TortoiseSVN\bin
USERNAME=Amirhossein
OS=Windows_NT
PROCESSOR_IDENTIFIER=Intel64 Family 6 Model 30 Stepping 5, GenuineIntel



---------------  S Y S T E M  ---------------

OS: Windows 7 Build 7601 Service Pack 1

CPU:total 8 (8 cores per cpu, 2 threads per core) family 6 model 30 stepping 5, cmov, cx8, fxsr, mmx, sse, sse2, sse3, ssse3, sse4.1, sse4.2, ht

Memory: 4k page, physical 4194303k(2291296k free), swap 4194303k(4194303k free)

vm_info: Java HotSpot(TM) Client VM (14.3-b01) for windows-x86 JRE (1.6.0_17-b04), built on Oct 11 2009 00:52:06 by "java_re" with MS VC++ 7.1

time: Fri Sep 20 15:05:31 2013
elapsed time: 246640 seconds

