#
# A fatal error has been detected by the Java Runtime Environment:
#
#  EXCEPTION_ACCESS_VIOLATION (0xc0000005) at pc=0x1d3725e0, pid=7836, tid=13564
#
# JRE version: 6.0_17-b04
# Java VM: Java HotSpot(TM) Client VM (14.3-b01 mixed mode windows-x86 )
# Problematic frame:
# C  [awt.dll+0xa25e0]
#
# If you would like to submit a bug report, please visit:
#   http://java.sun.com/webapps/bugreport/crash.jsp
# The crash happened outside the Java Virtual Machine in native code.
# See problematic frame for where to report the bug.
#

---------------  T H R E A D  ---------------

Current thread (0x09a54c00):  JavaThread "AWT-EventQueue-0" [_thread_in_native, id=13564, stack(0x1ef90000,0x1f010000)]

siginfo: ExceptionCode=0xc0000005, reading address 0x00000004

Registers:
EAX=0x0000000d, EBX=0x1e440ee8, ECX=0x00000000, EDX=0x00000000
ESP=0x1f00ed74, EBP=0x76f54f70, ESI=0x00013cad, EDI=0x2248f090
EIP=0x1d3725e0, EFLAGS=0x00210297

Top of Stack: (sp=0x1f00ed74)
0x1f00ed74:   1d33663a 00013cad 1f00f2f0 09a54d10
0x1f00ed84:   1f00f290 2248f090 1d31c46e 09a54d10
0x1f00ed94:   2248f090 2233e2a0 1d31c491 00000001
0x1f00eda4:   09a54c00 09a54d10 1d333cbc 09a54d10
0x1f00edb4:   1f00f2f0 09a54c00 00000000 00000000
0x1f00edc4:   00000006 1f00ee78 0e34e8a8 12a26488
0x1f00edd4:   2233e2a0 00000017 1087f460 1087f398
0x1f00ede4:   18291f80 1f00ee08 0e292a9c 1087f398 

Instructions: (pc=0x1d3725e0)
0x1d3725d0:   8b 41 04 8b 80 0c 0c 00 00 c3 cc cc cc cc cc cc
0x1d3725e0:   8b 49 04 85 c9 74 05 e9 94 85 fe ff 33 c0 c2 04 


Stack: [0x1ef90000,0x1f010000],  sp=0x1f00ed74,  free space=507k
Native frames: (J=compiled Java code, j=interpreted, Vv=VM code, C=native code)
C  [awt.dll+0xa25e0]

Java frames: (J=compiled Java code, j=interpreted, Vv=VM code)
J  sun.java2d.windows.GDIBlitLoops.nativeBlit(Lsun/java2d/SurfaceData;Lsun/java2d/SurfaceData;Lsun/java2d/pipe/Region;IIIIIIIIIZ)V
J  sun.java2d.windows.GDIBlitLoops.Blit(Lsun/java2d/SurfaceData;Lsun/java2d/SurfaceData;Ljava/awt/Composite;Lsun/java2d/pipe/Region;IIIIII)V
J  sun.java2d.pipe.DrawImage.blitSurfaceData(Lsun/java2d/SunGraphics2D;Lsun/java2d/pipe/Region;Lsun/java2d/SurfaceData;Lsun/java2d/SurfaceData;Lsun/java2d/loops/SurfaceType;Lsun/java2d/loops/SurfaceType;IIIIIILjava/awt/Color;)V
J  sun.java2d.pipe.DrawImage.renderImageCopy(Lsun/java2d/SunGraphics2D;Ljava/awt/Image;Ljava/awt/Color;IIIIII)Z
J  sun.java2d.pipe.DrawImage.copyImage(Lsun/java2d/SunGraphics2D;Ljava/awt/Image;IILjava/awt/Color;)Z
J  sun.java2d.pipe.DrawImage.copyImage(Lsun/java2d/SunGraphics2D;Ljava/awt/Image;IILjava/awt/Color;Ljava/awt/image/ImageObserver;)Z
J  sun.java2d.pipe.ValidatePipe.copyImage(Lsun/java2d/SunGraphics2D;Ljava/awt/Image;IILjava/awt/Color;Ljava/awt/image/ImageObserver;)Z
J  sun.java2d.SunGraphics2D.drawImage(Ljava/awt/Image;IILjava/awt/Color;Ljava/awt/image/ImageObserver;)Z
J  sun.java2d.SunGraphics2D.drawImage(Ljava/awt/Image;IILjava/awt/image/ImageObserver;)Z
J  javax.swing.RepaintManager$PaintManager.paintDoubleBuffered(Ljavax/swing/JComponent;Ljava/awt/Image;Ljava/awt/Graphics;IIII)V
J  javax.swing.RepaintManager$PaintManager.paint(Ljavax/swing/JComponent;Ljavax/swing/JComponent;Ljava/awt/Graphics;IIII)Z
J  javax.swing.RepaintManager.paint(Ljavax/swing/JComponent;Ljavax/swing/JComponent;Ljava/awt/Graphics;IIII)V
J  javax.swing.JComponent.paint(Ljava/awt/Graphics;)V
j  java.awt.GraphicsCallback$PaintCallback.run(Ljava/awt/Component;Ljava/awt/Graphics;)V+2
j  sun.awt.SunGraphicsCallback.runOneComponent(Ljava/awt/Component;Ljava/awt/Rectangle;Ljava/awt/Graphics;Ljava/awt/Shape;I)V+155
J  sun.awt.SunGraphicsCallback.runComponents([Ljava/awt/Component;Ljava/awt/Graphics;I)V
j  java.awt.Container.paint(Ljava/awt/Graphics;)V+73
J  javax.swing.RepaintManager.paintDirtyRegions(Ljava/util/Map;)V
J  javax.swing.RepaintManager.paintDirtyRegions()V
J  javax.swing.RepaintManager.seqPaintDirtyRegions()V
J  javax.swing.SystemEventQueueUtilities$ComponentWorkRequest.run()V
J  java.awt.event.InvocationEvent.dispatch()V
J  java.awt.EventQueue.dispatchEvent(Ljava/awt/AWTEvent;)V
J  java.awt.EventDispatchThread.pumpOneEventForFilters(I)Z
J  java.awt.EventDispatchThread.pumpEventsForFilter(ILjava/awt/Conditional;Ljava/awt/EventFilter;)V
j  java.awt.EventDispatchThread.pumpEventsForHierarchy(ILjava/awt/Conditional;Ljava/awt/Component;)V+11
j  java.awt.EventDispatchThread.pumpEvents(ILjava/awt/Conditional;)V+4
j  java.awt.EventDispatchThread.pumpEvents(Ljava/awt/Conditional;)V+3
j  java.awt.EventDispatchThread.run()V+9
v  ~StubRoutines::call_stub

---------------  P R O C E S S  ---------------

Java Threads: ( => current thread )
  0x1c849800 JavaThread "RequestQueue for GenericFileList" [_thread_blocked, id=14708, stack(0x21c70000,0x21cf0000)]
  0x1c90dc00 JavaThread "Code Analyzer updating thread" [_thread_blocked, id=9572, stack(0x25fd0000,0x26050000)]
  0x09a57800 JavaThread "Code Analyzer updating thread" [_thread_blocked, id=14224, stack(0x097b0000,0x09830000)]
  0x1e829000 JavaThread "Code Analyzer updating thread" [_thread_blocked, id=11212, stack(0x0d130000,0x0d1b0000)]
  0x1c90d400 JavaThread "Code Analyzer updating thread" [_thread_blocked, id=1744, stack(0x096a0000,0x09720000)]
  0x1c90bc00 JavaThread "Foxtrot Single Worker Thread #1" daemon [_thread_blocked, id=13180, stack(0x1ed60000,0x1ede0000)]
  0x1c90c400 JavaThread "Timer-724" [_thread_blocked, id=6276, stack(0x09430000,0x094b0000)]
  0x1c90e000 JavaThread "pool-1-thread-1" [_thread_blocked, id=11856, stack(0x08d20000,0x08da0000)]
  0x1e827000 JavaThread "Code Analyzer updating thread" [_thread_blocked, id=4796, stack(0x07af0000,0x07b70000)]
  0x1e826c00 JavaThread "Code Analyzer updating thread" [_thread_blocked, id=10952, stack(0x06fb0000,0x07030000)]
  0x09a58800 JavaThread "Code Analyzer updating thread" [_thread_blocked, id=3432, stack(0x09190000,0x09210000)]
  0x1c850400 JavaThread "Code Analyzer updating thread" [_thread_blocked, id=12728, stack(0x07600000,0x07680000)]
  0x1e828400 JavaThread "Code Analyzer updating thread" [_thread_blocked, id=2604, stack(0x07be0000,0x07c60000)]
  0x1e827800 JavaThread "Code Analyzer updating thread" [_thread_blocked, id=10148, stack(0x08da0000,0x08e20000)]
  0x1e828800 JavaThread "Code Analyzer updating thread" [_thread_blocked, id=11316, stack(0x08c80000,0x08d00000)]
  0x1c84fc00 JavaThread "Thread-39" [_thread_in_native, id=5744, stack(0x24560000,0x24d60000)]
  0x1c84ec00 JavaThread "Code Analyzer updating thread" [_thread_blocked, id=8456, stack(0x239e0000,0x23a60000)]
  0x1c84e400 JavaThread "Code Analyzer updating thread" [_thread_blocked, id=13696, stack(0x23740000,0x237c0000)]
  0x1c84e000 JavaThread "Code Analyzer updating thread" [_thread_blocked, id=10440, stack(0x237e0000,0x23860000)]
  0x1c84d800 JavaThread "Code Analyzer updating thread" [_thread_blocked, id=13464, stack(0x23870000,0x238f0000)]
  0x1c84d400 JavaThread "Code Analyzer updating thread" [_thread_blocked, id=7136, stack(0x23570000,0x235f0000)]
  0x1c84cc00 JavaThread "Code Analyzer updating thread" [_thread_blocked, id=14084, stack(0x23690000,0x23710000)]
  0x1c84c800 JavaThread "Code Analyzer updating thread" [_thread_blocked, id=4192, stack(0x233f0000,0x23470000)]
  0x1c84c000 JavaThread "Code Analyzer updating thread" [_thread_blocked, id=11908, stack(0x231a0000,0x23220000)]
  0x1c84bc00 JavaThread "Code Analyzer updating thread" [_thread_blocked, id=11236, stack(0x232f0000,0x23370000)]
  0x1c84b400 JavaThread "Code Analyzer updating thread" [_thread_blocked, id=10320, stack(0x23230000,0x232b0000)]
  0x1c84b000 JavaThread "Code Analyzer updating thread" [_thread_blocked, id=7968, stack(0x230f0000,0x23170000)]
  0x1c84a800 JavaThread "Active Reference Queue Daemon" daemon [_thread_blocked, id=11028, stack(0x21e60000,0x21ee0000)]
  0x1c849c00 JavaThread "Timer-7" daemon [_thread_blocked, id=7396, stack(0x22f70000,0x22ff0000)]
  0x1c849000 JavaThread "Timer-5" daemon [_thread_blocked, id=13736, stack(0x21af0000,0x21b70000)]
  0x09a57000 JavaThread "Prefs Updater" daemon [_thread_blocked, id=13600, stack(0x21850000,0x218d0000)]
  0x09a55800 JavaThread "Timer-1" [_thread_blocked, id=13316, stack(0x21770000,0x217f0000)]
  0x09a56c00 JavaThread "FelixPackageAdmin" daemon [_thread_blocked, id=11056, stack(0x211d0000,0x21250000)]
  0x09a56400 JavaThread "FelixStartLevel" daemon [_thread_blocked, id=13216, stack(0x20f90000,0x21010000)]
  0x09a56000 JavaThread "FelixDispatchQueue" daemon [_thread_blocked, id=5524, stack(0x21150000,0x211d0000)]
  0x09a55400 JavaThread "TimerQueue" daemon [_thread_blocked, id=13940, stack(0x1f540000,0x1f5c0000)]
=>0x09a54c00 JavaThread "AWT-EventQueue-0" [_thread_in_native, id=13564, stack(0x1ef90000,0x1f010000)]
  0x09a53400 JavaThread "AWT-Shutdown" [_thread_blocked, id=4108, stack(0x1ef00000,0x1ef80000)]
  0x09a54400 JavaThread "com.google.common.base.internal.Finalizer" daemon [_thread_blocked, id=12128, stack(0x1edf0000,0x1ee70000)]
  0x09a53800 JavaThread "AWT-Windows" daemon [_thread_in_native, id=7032, stack(0x1d430000,0x1d4b0000)]
  0x09a52c00 JavaThread "Java2D Disposer" daemon [_thread_blocked, id=6636, stack(0x1dce0000,0x1dd60000)]
  0x09a52000 JavaThread "Timer-0" [_thread_blocked, id=7652, stack(0x1dd60000,0x1dde0000)]
  0x09a51c00 JavaThread "JMI Unnamed Thread" [_thread_in_native, id=5144, stack(0x09b20000,0x0a320000)]
  0x09a51400 JavaThread "Low Memory Detector" daemon [_thread_blocked, id=9752, stack(0x0ae00000,0x0ae80000)]
  0x1c848400 JavaThread "CompilerThread0" daemon [_thread_blocked, id=9344, stack(0x1cad0000,0x1d2d0000)]
  0x09a51000 JavaThread "Attach Listener" daemon [_thread_blocked, id=7156, stack(0x0ff60000,0x0ffe0000)]
  0x09a1ec00 JavaThread "Finalizer" daemon [_thread_blocked, id=7452, stack(0x0bfb0000,0x0c030000)]
  0x09a1a400 JavaThread "Reference Handler" daemon [_thread_blocked, id=8472, stack(0x0c840000,0x0c8c0000)]
  0x0999e400 JavaThread "main" [_thread_in_native, id=9348, stack(0x002c0000,0x00ac0000)]

Other Threads:
  0x09a17000 VMThread [stack: 0x1c040000,0x1c840000] [id=14308]
  0x1c852000 WatcherThread [stack: 0x1d4c0000,0x1dcc0000] [id=7356]

VM state:not at safepoint (normal execution)

VM Mutex/Monitor currently owned by a thread: None

Heap
 def new generation   total 29504K, used 8834K [0x10010000, 0x12010000, 0x12010000)
  eden space 26240K,  33% used [0x10010000, 0x1088e638, 0x119b0000)
  from space 3264K,   4% used [0x119b0000, 0x119d2580, 0x11ce0000)
  to   space 3264K,   0% used [0x11ce0000, 0x11ce0000, 0x12010000)
 tenured generation   total 98304K, used 71718K [0x12010000, 0x18010000, 0x18010000)
   the space 98304K,  72% used [0x12010000, 0x16619a98, 0x16619c00, 0x18010000)
 compacting perm gen  total 40192K, used 40184K [0x18010000, 0x1a750000, 0x1c010000)
   the space 40192K,  99% used [0x18010000, 0x1a74e2d0, 0x1a74e400, 0x1a750000)
No shared spaces configured.

Dynamic libraries:
0x01150000 - 0x01175000 	C:\Program Files (x86)\MATLAB\R2011a Student\bin\win32\MATLAB.exe
0x77630000 - 0x777b0000 	C:\windows\SysWOW64\ntdll.dll
0x76ab0000 - 0x76bc0000 	C:\windows\syswow64\kernel32.dll
0x750e0000 - 0x75127000 	C:\windows\syswow64\KERNELBASE.dll
0x7ef10000 - 0x7efcd000 	C:\Program Files (x86)\MATLAB\R2011a Student\bin\win32\libut.dll
0x7dce0000 - 0x7dd35000 	C:\Program Files (x86)\MATLAB\R2011a Student\bin\win32\libmwi18n.dll
0x10000000 - 0x10009000 	C:\Program Files (x86)\MATLAB\R2011a Student\bin\win32\libmwresource_core.dll
0x00180000 - 0x0020e000 	C:\windows\WinSxS\x86_microsoft.vc90.crt_1fc8b3b9a1e18e3b_9.0.30729.6161_none_50934f2ebcb7eb57\MSVCP90.dll
0x00210000 - 0x002b3000 	C:\windows\WinSxS\x86_microsoft.vc90.crt_1fc8b3b9a1e18e3b_9.0.30729.6161_none_50934f2ebcb7eb57\MSVCR90.dll
0x73d00000 - 0x73d0e000 	C:\Program Files (x86)\MATLAB\R2011a Student\bin\win32\boost_date_time-vc90-mt-1_40.dll
0x736b0000 - 0x736c3000 	C:\Program Files (x86)\MATLAB\R2011a Student\bin\win32\boost_filesystem-vc90-mt-1_40.dll
0x73f70000 - 0x73f77000 	C:\Program Files (x86)\MATLAB\R2011a Student\bin\win32\boost_system-vc90-mt-1_40.dll
0x73d10000 - 0x73d1f000 	C:\Program Files (x86)\MATLAB\R2011a Student\bin\win32\boost_thread-vc90-mt-1_40.dll
0x73550000 - 0x7356f000 	C:\Program Files (x86)\MATLAB\R2011a Student\bin\win32\LIBEXPAT.dll
0x72eb0000 - 0x73009000 	C:\Program Files (x86)\MATLAB\R2011a Student\bin\win32\icuin42.dll
0x7ea10000 - 0x7eb35000 	C:\Program Files (x86)\MATLAB\R2011a Student\bin\win32\icuuc42.dll
0x76d80000 - 0x76e20000 	C:\windows\syswow64\ADVAPI32.dll
0x75540000 - 0x755ec000 	C:\windows\syswow64\msvcrt.dll
0x76290000 - 0x762a9000 	C:\windows\SysWOW64\sechost.dll
0x76910000 - 0x76a00000 	C:\windows\syswow64\RPCRT4.dll
0x75050000 - 0x750b0000 	C:\windows\syswow64\SspiCli.dll
0x75040000 - 0x7504c000 	C:\windows\syswow64\CRYPTBASE.dll
0x01180000 - 0x020c7000 	C:\Program Files (x86)\MATLAB\R2011a Student\bin\win32\icudt42.dll
0x7ee50000 - 0x7ef07000 	C:\Program Files (x86)\MATLAB\R2011a Student\bin\win32\libmwfl.dll
0x00b00000 - 0x00b77000 	C:\Program Files (x86)\MATLAB\R2011a Student\bin\win32\libmwMATLAB_res.dll
0x73c80000 - 0x73c8f000 	C:\Program Files (x86)\MATLAB\R2011a Student\bin\win32\boost_signals-vc90-mt-1_40.dll
0x76880000 - 0x768ab000 	C:\windows\syswow64\imagehlp.dll
0x76280000 - 0x76285000 	C:\windows\syswow64\PSAPI.DLL
0x73db0000 - 0x73dbe000 	C:\Program Files (x86)\MATLAB\R2011a Student\bin\win32\icuio42.dll
0x70870000 - 0x7095b000 	C:\windows\system32\dbghelp.dll
0x76780000 - 0x76880000 	C:\windows\syswow64\USER32.dll
0x76f40000 - 0x76fd0000 	C:\windows\syswow64\GDI32.dll
0x771a0000 - 0x771aa000 	C:\windows\syswow64\LPK.dll
0x765a0000 - 0x7663d000 	C:\windows\syswow64\USP10.dll
0x00f60000 - 0x010fb000 	C:\Program Files (x86)\MATLAB\R2011a Student\bin\win32\libmwservices.dll
0x7db50000 - 0x7dbb9000 	C:\Program Files (x86)\MATLAB\R2011a Student\bin\win32\libmx.dll
0x73730000 - 0x73743000 	C:\Program Files (x86)\MATLAB\R2011a Student\bin\win32\zlib1.dll
0x7e800000 - 0x7e8ee000 	C:\Program Files (x86)\MATLAB\R2011a Student\bin\win32\libmwmathutil.dll
0x00be0000 - 0x00c1b000 	C:\Program Files (x86)\MATLAB\R2011a Student\bin\win32\mpath.dll
0x72990000 - 0x72b75000 	C:\Program Files (x86)\MATLAB\R2011a Student\bin\win32\mlutil.dll
0x00cd0000 - 0x00d2d000 	C:\Program Files (x86)\MATLAB\R2011a Student\bin\win32\xmlcore.dll
0x71cf0000 - 0x71ea2000 	C:\Program Files (x86)\MATLAB\R2011a Student\bin\win32\xerces-c_2_7.dll
0x76240000 - 0x76275000 	C:\windows\syswow64\WS2_32.dll
0x76bd0000 - 0x76bd6000 	C:\windows\syswow64\NSI.dll
0x00d40000 - 0x00d73000 	C:\Program Files (x86)\MATLAB\R2011a Student\bin\win32\tbb.dll
0x755f0000 - 0x7623a000 	C:\windows\syswow64\SHELL32.dll
0x768b0000 - 0x76907000 	C:\windows\syswow64\SHLWAPI.dll
0x72c10000 - 0x72c94000 	C:\windows\WinSxS\x86_microsoft.windows.common-controls_6595b64144ccf1df_5.82.7601.18201_none_ec80f00e8593ece5\COMCTL32.dll
0x76330000 - 0x763ab000 	C:\windows\syswow64\COMDLG32.dll
0x70dd0000 - 0x70de1000 	C:\windows\system32\NETAPI32.dll
0x00d90000 - 0x00d99000 	C:\windows\system32\netutils.dll
0x70db0000 - 0x70dc9000 	C:\windows\system32\srvcli.dll
0x70da0000 - 0x70daf000 	C:\windows\system32\wkscli.dll
0x75350000 - 0x754ac000 	C:\windows\syswow64\ole32.dll
0x76a00000 - 0x76a8f000 	C:\windows\syswow64\OLEAUT32.dll
0x00da0000 - 0x00e29000 	C:\Program Files (x86)\MATLAB\R2011a Student\bin\win32\mcr.dll
0x7d4b0000 - 0x7d547000 	C:\Program Files (x86)\MATLAB\R2011a Student\bin\win32\iqm.dll
0x020d0000 - 0x0259a000 	C:\Program Files (x86)\MATLAB\R2011a Student\bin\win32\m_interpreter.dll
0x74e70000 - 0x74e7d000 	C:\Program Files (x86)\MATLAB\R2011a Student\bin\win32\libmex.dll
0x025a0000 - 0x02611000 	C:\Program Files (x86)\MATLAB\R2011a Student\bin\win32\m_dispatcher.dll
0x02620000 - 0x026bc000 	C:\Program Files (x86)\MATLAB\R2011a Student\bin\win32\boost_regex-vc90-mt-1_40.dll
0x026c0000 - 0x02718000 	C:\Program Files (x86)\MATLAB\R2011a Student\bin\win32\profiler.dll
0x734f0000 - 0x73513000 	C:\Program Files (x86)\MATLAB\R2011a Student\bin\win32\libmwmathrng.dll
0x70c10000 - 0x70c24000 	C:\Program Files (x86)\MATLAB\R2011a Student\bin\win32\m_pcodeio.dll
0x7e080000 - 0x7e0c5000 	C:\Program Files (x86)\MATLAB\R2011a Student\bin\win32\m_ir.dll
0x02740000 - 0x02c68000 	C:\Program Files (x86)\MATLAB\R2011a Student\bin\win32\m_parser.dll
0x02c80000 - 0x02c92000 	C:\Program Files (x86)\MATLAB\R2011a Student\bin\win32\ir_xfmr.dll
0x02cb0000 - 0x02e27000 	C:\Program Files (x86)\MATLAB\R2011a Student\bin\win32\mcos.dll
0x70c00000 - 0x70c0a000 	C:\Program Files (x86)\MATLAB\R2011a Student\bin\win32\mtok.dll
0x02e50000 - 0x02e70000 	C:\Program Files (x86)\MATLAB\R2011a Student\bin\win32\m_pcodegen.dll
0x7e000000 - 0x7e045000 	C:\Program Files (x86)\MATLAB\R2011a Student\bin\win32\libmwspmatrix.dll
0x7e1c0000 - 0x7e1e3000 	C:\Program Files (x86)\MATLAB\R2011a Student\bin\win32\libmwbridge.dll
0x02ea0000 - 0x02f28000 	C:\Program Files (x86)\MATLAB\R2011a Student\bin\win32\udd.dll
0x02f40000 - 0x03041000 	C:\Program Files (x86)\MATLAB\R2011a Student\bin\win32\libmwgui.dll
0x03060000 - 0x03072000 	C:\Program Files (x86)\MATLAB\R2011a Student\bin\win32\graphics_util.dll
0x03090000 - 0x0360c000 	C:\Program Files (x86)\MATLAB\R2011a Student\bin\win32\hg.dll
0x03620000 - 0x03658000 	C:\Program Files (x86)\MATLAB\R2011a Student\bin\win32\libmat.dll
0x03670000 - 0x03837000 	C:\Program Files (x86)\MATLAB\R2011a Student\bin\win32\libhdf5.dll
0x03850000 - 0x038aa000 	C:\Program Files (x86)\MATLAB\R2011a Student\bin\win32\jmi.dll
0x038c0000 - 0x038cb000 	C:\Program Files (x86)\MATLAB\R2011a Student\bin\win32\nativejava_services.dll
0x038e0000 - 0x0390d000 	C:\Program Files (x86)\MATLAB\R2011a Student\bin\win32\libmwhardcopy.dll
0x03920000 - 0x0395e000 	C:\Program Files (x86)\MATLAB\R2011a Student\bin\win32\libuij.dll
0x03970000 - 0x03aad000 	C:\Program Files (x86)\MATLAB\R2011a Student\bin\win32\hgdatatypes.dll
0x03ac0000 - 0x03b3a000 	C:\Program Files (x86)\MATLAB\R2011a Student\bin\win32\hgutils.dll
0x03b50000 - 0x03b85000 	C:\Program Files (x86)\MATLAB\R2011a Student\bin\win32\libmwlapack.dll
0x03ba0000 - 0x03bae000 	C:\Program Files (x86)\MATLAB\R2011a Student\bin\win32\libmwbinder.dll
0x03bc0000 - 0x03bc9000 	C:\Program Files (x86)\MATLAB\R2011a Student\bin\win32\libmwompwrapper.dll
0x03be0000 - 0x03e73000 	C:\Program Files (x86)\MATLAB\R2011a Student\bin\win32\uiw.dll
0x03e90000 - 0x03e99000 	C:\Program Files (x86)\MATLAB\R2011a Student\bin\win32\uinone.dll
0x03eb0000 - 0x0424d000 	C:\windows\WinSxS\x86_microsoft.vc90.mfc_1fc8b3b9a1e18e3b_9.0.30729.6161_none_4bf7e3e2bf9ada4c\mfc90.dll
0x72c00000 - 0x72c05000 	C:\windows\system32\MSIMG32.dll
0x04250000 - 0x042a1000 	C:\windows\system32\WINSPOOL.DRV
0x042b0000 - 0x0432a000 	C:\Program Files (x86)\MATLAB\R2011a Student\bin\win32\udd_mi.dll
0x04340000 - 0x04353000 	C:\Program Files (x86)\MATLAB\R2011a Student\bin\win32\mwoles05.DLL
0x04370000 - 0x043bb000 	C:\Program Files (x86)\MATLAB\R2011a Student\bin\win32\comcli.dll
0x043d0000 - 0x043fb000 	C:\windows\WinSxS\x86_microsoft.vc90.atl_1fc8b3b9a1e18e3b_9.0.30729.6161_none_51cd0a7abbe4e19b\ATL90.DLL
0x04400000 - 0x04409000 	C:\Program Files (x86)\MATLAB\R2011a Student\bin\win32\mlautoregister.dll
0x04420000 - 0x0442a000 	C:\Program Files (x86)\MATLAB\R2011a Student\bin\win32\boost_iostreams-vc90-mt-1_40.dll
0x76640000 - 0x766a0000 	C:\windows\system32\IMM32.DLL
0x766a0000 - 0x7676c000 	C:\windows\syswow64\MSCTF.dll
0x06c20000 - 0x06ca0000 	C:\windows\system32\UxTheme.dll
0x04470000 - 0x04483000 	C:\windows\system32\dwmapi.dll
0x044a0000 - 0x044ad000 	C:\windows\WinSxS\x86_microsoft.vc90.mfcloc_1fc8b3b9a1e18e3b_9.0.30729.6161_none_49768ef57548175e\MFC90ENU.DLL
0x738f0000 - 0x738fb000 	C:\windows\system32\profapi.dll
0x06120000 - 0x062be000 	C:\windows\WinSxS\x86_microsoft.windows.common-controls_6595b64144ccf1df_6.0.7601.17514_none_41e6975e2bd6f2b2\comctl32.dll
0x76be0000 - 0x76d7d000 	C:\windows\syswow64\SETUPAPI.dll
0x76300000 - 0x76327000 	C:\windows\syswow64\CFGMGR32.dll
0x76440000 - 0x76452000 	C:\windows\syswow64\DEVOBJ.dll
0x754b0000 - 0x75533000 	C:\windows\syswow64\CLBCatQ.DLL
0x06720000 - 0x06815000 	C:\windows\system32\propsys.dll
0x70960000 - 0x70981000 	C:\windows\system32\ntmarta.dll
0x762b0000 - 0x762f5000 	C:\windows\syswow64\WLDAP32.dll
0x06070000 - 0x0608d000 	C:\Program Files (x86)\MATLAB\R2011a Student\bin\win32\tbbmalloc.dll
0x732c0000 - 0x732dc000 	C:\windows\system32\iphlpapi.dll
0x732b0000 - 0x732b7000 	C:\windows\system32\WINNSI.DLL
0x73260000 - 0x732a4000 	C:\windows\system32\DNSAPI.dll
0x06820000 - 0x06832000 	C:\windows\system32\dhcpcsvc.DLL
0x04910000 - 0x0491d000 	C:\windows\system32\dhcpcsvc6.DLL
0x74b30000 - 0x74dbb000 	C:\Program Files (x86)\MATLAB\R2011a Student\sys\java\jre\win32\jre\bin\client\jvm.dll
0x73630000 - 0x73662000 	C:\windows\system32\WINMM.dll
0x7d910000 - 0x7d966000 	C:\Program Files (x86)\MATLAB\R2011a Student\bin\win32\MSVCR71.dll
0x07ce0000 - 0x07d2c000 	C:\windows\system32\apphelp.dll
0x73da0000 - 0x73dac000 	C:\Program Files (x86)\MATLAB\R2011a Student\sys\java\jre\win32\jre\bin\verify.dll
0x73570000 - 0x7358f000 	C:\Program Files (x86)\MATLAB\R2011a Student\sys\java\jre\win32\jre\bin\java.dll
0x73f40000 - 0x73f48000 	C:\Program Files (x86)\MATLAB\R2011a Student\sys\java\jre\win32\jre\bin\hpi.dll
0x73ce0000 - 0x73cef000 	C:\Program Files (x86)\MATLAB\R2011a Student\sys\java\jre\win32\jre\bin\zip.dll
0x7daf0000 - 0x7db44000 	C:\Program Files (x86)\MATLAB\R2011a Student\sys\java\jre\win32\jre\bin\fontmanager.dll
0x1d2d0000 - 0x1d41a000 	C:\Program Files (x86)\MATLAB\R2011a Student\sys\java\jre\win32\jre\bin\awt.dll

VM Arguments:
jvm_args: -Xss512k -XX:PermSize=32m -Xms64m -XX:NewRatio=3 -XX:MaxPermSize=64m -Xmx128m -XX:MaxDirectMemorySize=1200000000 -Dsun.java2d.noddraw=true -Dsun.awt.nopixfmt=true -Xshare:off -Xrs -Dsun.awt.disableMixing=true -Djava.library.path=C:\Program Files (x86)\MATLAB\R2011a Student\bin\win32 vfprintf abort 
java_command: <unknown>
Launcher Type: generic

Environment Variables:
CLASSPATH=.;C:\Program Files (x86)\Java\jre6\lib\ext\QTJava.zip
PATH=C:\Program Files (x86)\MATLAB\R2011a Student\sys\java\jre\win32\jre\bin;C:\Program Files (x86)\MATLAB\R2011a Student\sys\webrenderer\windows\corecomponents;C:\Program Files (x86)\MATLAB\R2011a Student\sys\webrenderer\windows;C:\windows\system32;C:\windows;C:\windows\System32\Wbem;C:\windows\System32\WindowsPowerShell\v1.0\;C:\Program Files (x86)\MATLAB\R2011a Student\bin;C:\Program Files (x86)\MiKTeX 2.9\miktex\bin\;C:\Program Files (x86)\Graphviz2.30\bin;C:\Program Files (x86)\QuickTime\QTSystem\;C:\Program Files (x86)\RTAB-Map 0.5.0\bin;C:\Program Files\Microsoft\Web Platform Installer\;C:\Program Files (x86)\Microsoft ASP.NET\ASP.NET Web Pages\v1.0\;C:\Program Files (x86)\Windows Kits\8.0\Windows Performance Toolkit\;C:\Program Files\Microsoft SQL Server\110\Tools\Binn\;C:\Program Files (x86)\CMake 2.8\bin;C:\Program Files (x86)\OpenRAVE-0.9.0\bin;C:\Program Files\TortoiseSVN\bin
USERNAME=Amirhossein
OS=Windows_NT
PROCESSOR_IDENTIFIER=Intel64 Family 6 Model 30 Stepping 5, GenuineIntel



---------------  S Y S T E M  ---------------

OS: Windows 7 Build 7601 Service Pack 1

CPU:total 8 (8 cores per cpu, 2 threads per core) family 6 model 30 stepping 5, cmov, cx8, fxsr, mmx, sse, sse2, sse3, ssse3, sse4.1, sse4.2, ht

Memory: 4k page, physical 4194303k(1860024k free), swap 4194303k(4194303k free)

vm_info: Java HotSpot(TM) Client VM (14.3-b01) for windows-x86 JRE (1.6.0_17-b04), built on Oct 11 2009 00:52:06 by "java_re" with MS VC++ 7.1

time: Sat Feb 01 10:47:56 2014
elapsed time: 415518 seconds

